/Users/zay/Library/Python/3.9/lib/python/site-packages/urllib3/__init__.py:35: NotOpenSSLWarning: urllib3 v2 only supports OpenSSL 1.1.1+, currently the 'ssl' module is compiled with 'LibreSSL 2.8.3'. See: https://github.com/urllib3/urllib3/issues/3020
  warnings.warn(
Bucket: aw-watcher-window_Zahras-MacBook.local
Resuming from last ingested timestamp: 2026-03-24 15:22:54
ERROR: Could not connect to ActivityWatch at http://localhost:5600.
Make sure ActivityWatch is running before running this script.
/Users/zay/Library/Python/3.9/lib/python/site-packages/urllib3/__init__.py:35: NotOpenSSLWarning: urllib3 v2 only supports OpenSSL 1.1.1+, currently the 'ssl' module is compiled with 'LibreSSL 2.8.3'. See: https://github.com/urllib3/urllib3/issues/3020
  warnings.warn(
Bucket: aw-watcher-window_Zahras-MacBook.local
Resuming from last ingested timestamp: 2026-03-24 15:22:54
ERROR: Could not connect to ActivityWatch at http://localhost:5600.
Make sure ActivityWatch is running before running this script.
/Users/zay/Library/Python/3.9/lib/python/site-packages/urllib3/__init__.py:35: NotOpenSSLWarning: urllib3 v2 only supports OpenSSL 1.1.1+, currently the 'ssl' module is compiled with 'LibreSSL 2.8.3'. See: https://github.com/urllib3/urllib3/issues/3020
  warnings.warn(
Bucket: aw-watcher-window_Zahras-MacBook.local
Resuming from last ingested timestamp: 2026-03-24 15:22:54
ERROR: Could not connect to ActivityWatch at http://localhost:5600.
Make sure ActivityWatch is running before running this script.
/Users/zay/Library/Python/3.9/lib/python/site-packages/urllib3/__init__.py:35: NotOpenSSLWarning: urllib3 v2 only supports OpenSSL 1.1.1+, currently the 'ssl' module is compiled with 'LibreSSL 2.8.3'. See: https://github.com/urllib3/urllib3/issues/3020
  warnings.warn(
Bucket: aw-watcher-window_Zahras-MacBook.local
Resuming from last ingested timestamp: 2026-03-24 15:22:54
ERROR: Could not connect to ActivityWatch at http://localhost:5600.
Make sure ActivityWatch is running before running this script.
/Users/zay/Library/Python/3.9/lib/python/site-packages/urllib3/__init__.py:35: NotOpenSSLWarning: urllib3 v2 only supports OpenSSL 1.1.1+, currently the 'ssl' module is compiled with 'LibreSSL 2.8.3'. See: https://github.com/urllib3/urllib3/issues/3020
  warnings.warn(
Bucket: aw-watcher-window_Zahras-MacBook.local
Resuming from last ingested timestamp: 2026-03-24 15:22:54
ERROR: Could not connect to ActivityWatch at http://localhost:5600.
Make sure ActivityWatch is running before running this script.
/Users/zay/Library/Python/3.9/lib/python/site-packages/urllib3/__init__.py:35: NotOpenSSLWarning: urllib3 v2 only supports OpenSSL 1.1.1+, currently the 'ssl' module is compiled with 'LibreSSL 2.8.3'. See: https://github.com/urllib3/urllib3/issues/3020
  warnings.warn(
Bucket: aw-watcher-window_Zahras-MacBook.local
Resuming from last ingested timestamp: 2026-03-24 15:22:54
ERROR: Could not connect to ActivityWatch at http://localhost:5600.
Make sure ActivityWatch is running before running this script.
/Users/zay/Library/Python/3.9/lib/python/site-packages/urllib3/__init__.py:35: NotOpenSSLWarning: urllib3 v2 only supports OpenSSL 1.1.1+, currently the 'ssl' module is compiled with 'LibreSSL 2.8.3'. See: https://github.com/urllib3/urllib3/issues/3020
  warnings.warn(
Bucket: aw-watcher-window_Zahras-MacBook.local
Resuming from last ingested timestamp: 2026-03-24 15:22:54
ERROR: Could not connect to ActivityWatch at http://localhost:5600.
Make sure ActivityWatch is running before running this script.
/Users/zay/Library/Python/3.9/lib/python/site-packages/urllib3/__init__.py:35: NotOpenSSLWarning: urllib3 v2 only supports OpenSSL 1.1.1+, currently the 'ssl' module is compiled with 'LibreSSL 2.8.3'. See: https://github.com/urllib3/urllib3/issues/3020
  warnings.warn(
Bucket: aw-watcher-window_Zahras-MacBook.local
Resuming from last ingested timestamp: 2026-03-24 15:22:54
ERROR: Could not connect to ActivityWatch at http://localhost:5600.
Make sure ActivityWatch is running before running this script.
/Users/zay/Library/Python/3.9/lib/python/site-packages/urllib3/__init__.py:35: NotOpenSSLWarning: urllib3 v2 only supports OpenSSL 1.1.1+, currently the 'ssl' module is compiled with 'LibreSSL 2.8.3'. See: https://github.com/urllib3/urllib3/issues/3020
  warnings.warn(
Bucket: aw-watcher-window_Zahras-MacBook.local
Resuming from last ingested timestamp: 2026-03-24 15:22:54
ERROR: Could not connect to ActivityWatch at http://localhost:5600.
Make sure ActivityWatch is running before running this script.
/Users/zay/Library/Python/3.9/lib/python/site-packages/urllib3/__init__.py:35: NotOpenSSLWarning: urllib3 v2 only supports OpenSSL 1.1.1+, currently the 'ssl' module is compiled with 'LibreSSL 2.8.3'. See: https://github.com/urllib3/urllib3/issues/3020
  warnings.warn(
Bucket: aw-watcher-window_Zahras-MacBook.local
Resuming from last ingested timestamp: 2026-03-24 15:22:54
ERROR: Could not connect to ActivityWatch at http://localhost:5600.
Make sure ActivityWatch is running before running this script.
/Users/zay/Library/Python/3.9/lib/python/site-packages/urllib3/__init__.py:35: NotOpenSSLWarning: urllib3 v2 only supports OpenSSL 1.1.1+, currently the 'ssl' module is compiled with 'LibreSSL 2.8.3'. See: https://github.com/urllib3/urllib3/issues/3020
  warnings.warn(
Bucket: aw-watcher-window_Zahras-MacBook.local
Resuming from last ingested timestamp: 2026-03-24 15:22:54
ERROR: Could not connect to ActivityWatch at http://localhost:5600.
Make sure ActivityWatch is running before running this script.
/Users/zay/Library/Python/3.9/lib/python/site-packages/urllib3/__init__.py:35: NotOpenSSLWarning: urllib3 v2 only supports OpenSSL 1.1.1+, currently the 'ssl' module is compiled with 'LibreSSL 2.8.3'. See: https://github.com/urllib3/urllib3/issues/3020
  warnings.warn(
Bucket: aw-watcher-window_Zahras-MacBook.local
Resuming from last ingested timestamp: 2026-03-24 15:22:54
ERROR: Could not connect to ActivityWatch at http://localhost:5600.
Make sure ActivityWatch is running before running this script.
/Users/zay/Library/Python/3.9/lib/python/site-packages/urllib3/__init__.py:35: NotOpenSSLWarning: urllib3 v2 only supports OpenSSL 1.1.1+, currently the 'ssl' module is compiled with 'LibreSSL 2.8.3'. See: https://github.com/urllib3/urllib3/issues/3020
  warnings.warn(
Bucket: aw-watcher-window_Zahras-MacBook.local
Resuming from last ingested timestamp: 2026-03-24 15:22:54
ERROR: Could not connect to ActivityWatch at http://localhost:5600.
Make sure ActivityWatch is running before running this script.
/Users/zay/Library/Python/3.9/lib/python/site-packages/urllib3/__init__.py:35: NotOpenSSLWarning: urllib3 v2 only supports OpenSSL 1.1.1+, currently the 'ssl' module is compiled with 'LibreSSL 2.8.3'. See: https://github.com/urllib3/urllib3/issues/3020
  warnings.warn(
Bucket: aw-watcher-window_Zahras-MacBook.local
Resuming from last ingested timestamp: 2026-03-24 15:22:54
ERROR: Could not connect to ActivityWatch at http://localhost:5600.
Make sure ActivityWatch is running before running this script.
/Users/zay/Library/Python/3.9/lib/python/site-packages/urllib3/__init__.py:35: NotOpenSSLWarning: urllib3 v2 only supports OpenSSL 1.1.1+, currently the 'ssl' module is compiled with 'LibreSSL 2.8.3'. See: https://github.com/urllib3/urllib3/issues/3020
  warnings.warn(
Bucket: aw-watcher-window_Zahras-MacBook.local
Resuming from last ingested timestamp: 2026-03-24 15:22:54
ERROR: Could not connect to ActivityWatch at http://localhost:5600.
Make sure ActivityWatch is running before running this script.
/Users/zay/Library/Python/3.9/lib/python/site-packages/urllib3/__init__.py:35: NotOpenSSLWarning: urllib3 v2 only supports OpenSSL 1.1.1+, currently the 'ssl' module is compiled with 'LibreSSL 2.8.3'. See: https://github.com/urllib3/urllib3/issues/3020
  warnings.warn(
Bucket: aw-watcher-window_Zahras-MacBook.local
Resuming from last ingested timestamp: 2026-03-24 15:22:54
ERROR: Could not connect to ActivityWatch at http://localhost:5600.
Make sure ActivityWatch is running before running this script.
/Users/zay/Library/Python/3.9/lib/python/site-packages/urllib3/__init__.py:35: NotOpenSSLWarning: urllib3 v2 only supports OpenSSL 1.1.1+, currently the 'ssl' module is compiled with 'LibreSSL 2.8.3'. See: https://github.com/urllib3/urllib3/issues/3020
  warnings.warn(
Bucket: aw-watcher-window_Zahras-MacBook.local
Resuming from last ingested timestamp: 2026-03-24 15:22:54
ERROR: Could not connect to ActivityWatch at http://localhost:5600.
Make sure ActivityWatch is running before running this script.
/Users/zay/Library/Python/3.9/lib/python/site-packages/urllib3/__init__.py:35: NotOpenSSLWarning: urllib3 v2 only supports OpenSSL 1.1.1+, currently the 'ssl' module is compiled with 'LibreSSL 2.8.3'. See: https://github.com/urllib3/urllib3/issues/3020
  warnings.warn(
Bucket: aw-watcher-window_Zahras-MacBook.local
Resuming from last ingested timestamp: 2026-03-24 15:22:54
ERROR: Could not connect to ActivityWatch at http://localhost:5600.
Make sure ActivityWatch is running before running this script.
/Users/zay/Library/Python/3.9/lib/python/site-packages/urllib3/__init__.py:35: NotOpenSSLWarning: urllib3 v2 only supports OpenSSL 1.1.1+, currently the 'ssl' module is compiled with 'LibreSSL 2.8.3'. See: https://github.com/urllib3/urllib3/issues/3020
  warnings.warn(
Bucket: aw-watcher-window_Zahras-MacBook.local
Resuming from last ingested timestamp: 2026-03-24 15:22:54
ERROR: Could not connect to ActivityWatch at http://localhost:5600.
Make sure ActivityWatch is running before running this script.
/Users/zay/Library/Python/3.9/lib/python/site-packages/urllib3/__init__.py:35: NotOpenSSLWarning: urllib3 v2 only supports OpenSSL 1.1.1+, currently the 'ssl' module is compiled with 'LibreSSL 2.8.3'. See: https://github.com/urllib3/urllib3/issues/3020
  warnings.warn(
Bucket: aw-watcher-window_Zahras-MacBook.local
Resuming from last ingested timestamp: 2026-03-24 15:22:54
ERROR: Could not connect to ActivityWatch at http://localhost:5600.
Make sure ActivityWatch is running before running this script.
/Users/zay/Library/Python/3.9/lib/python/site-packages/urllib3/__init__.py:35: NotOpenSSLWarning: urllib3 v2 only supports OpenSSL 1.1.1+, currently the 'ssl' module is compiled with 'LibreSSL 2.8.3'. See: https://github.com/urllib3/urllib3/issues/3020
  warnings.warn(
Bucket: aw-watcher-window_Zahras-MacBook.local
Resuming from last ingested timestamp: 2026-03-24 15:22:54
ERROR: Could not connect to ActivityWatch at http://localhost:5600.
Make sure ActivityWatch is running before running this script.
/Users/zay/Library/Python/3.9/lib/python/site-packages/urllib3/__init__.py:35: NotOpenSSLWarning: urllib3 v2 only supports OpenSSL 1.1.1+, currently the 'ssl' module is compiled with 'LibreSSL 2.8.3'. See: https://github.com/urllib3/urllib3/issues/3020
  warnings.warn(
Bucket: aw-watcher-window_Zahras-MacBook.local
Resuming from last ingested timestamp: 2026-03-24 15:22:54
ERROR: Could not connect to ActivityWatch at http://localhost:5600.
Make sure ActivityWatch is running before running this script.
/Users/zay/Library/Python/3.9/lib/python/site-packages/urllib3/__init__.py:35: NotOpenSSLWarning: urllib3 v2 only supports OpenSSL 1.1.1+, currently the 'ssl' module is compiled with 'LibreSSL 2.8.3'. See: https://github.com/urllib3/urllib3/issues/3020
  warnings.warn(
Bucket: aw-watcher-window_Zahras-MacBook.local
Resuming from last ingested timestamp: 2026-03-24 15:22:54
ERROR: Could not connect to ActivityWatch at http://localhost:5600.
Make sure ActivityWatch is running before running this script.
/Users/zay/Library/Python/3.9/lib/python/site-packages/urllib3/__init__.py:35: NotOpenSSLWarning: urllib3 v2 only supports OpenSSL 1.1.1+, currently the 'ssl' module is compiled with 'LibreSSL 2.8.3'. See: https://github.com/urllib3/urllib3/issues/3020
  warnings.warn(
Bucket: aw-watcher-window_Zahras-MacBook.local
Resuming from last ingested timestamp: 2026-03-24 15:22:54
ERROR: Could not connect to ActivityWatch at http://localhost:5600.
Make sure ActivityWatch is running before running this script.
/Users/zay/Library/Python/3.9/lib/python/site-packages/urllib3/__init__.py:35: NotOpenSSLWarning: urllib3 v2 only supports OpenSSL 1.1.1+, currently the 'ssl' module is compiled with 'LibreSSL 2.8.3'. See: https://github.com/urllib3/urllib3/issues/3020
  warnings.warn(
Bucket: aw-watcher-window_Zahras-MacBook.local
Resuming from last ingested timestamp: 2026-03-24 15:22:54
ERROR: Could not connect to ActivityWatch at http://localhost:5600.
Make sure ActivityWatch is running before running this script.
/Users/zay/Library/Python/3.9/lib/python/site-packages/urllib3/__init__.py:35: NotOpenSSLWarning: urllib3 v2 only supports OpenSSL 1.1.1+, currently the 'ssl' module is compiled with 'LibreSSL 2.8.3'. See: https://github.com/urllib3/urllib3/issues/3020
  warnings.warn(
Bucket: aw-watcher-window_Zahras-MacBook.local
Resuming from last ingested timestamp: 2026-03-24 15:22:54
ERROR: Could not connect to ActivityWatch at http://localhost:5600.
Make sure ActivityWatch is running before running this script.
/Users/zay/Library/Python/3.9/lib/python/site-packages/urllib3/__init__.py:35: NotOpenSSLWarning: urllib3 v2 only supports OpenSSL 1.1.1+, currently the 'ssl' module is compiled with 'LibreSSL 2.8.3'. See: https://github.com/urllib3/urllib3/issues/3020
  warnings.warn(
Bucket: aw-watcher-window_Zahras-MacBook.local
Resuming from last ingested timestamp: 2026-03-24 15:22:54
ERROR: Could not connect to ActivityWatch at http://localhost:5600.
Make sure ActivityWatch is running before running this script.
/Users/zay/Library/Python/3.9/lib/python/site-packages/urllib3/__init__.py:35: NotOpenSSLWarning: urllib3 v2 only supports OpenSSL 1.1.1+, currently the 'ssl' module is compiled with 'LibreSSL 2.8.3'. See: https://github.com/urllib3/urllib3/issues/3020
  warnings.warn(
Bucket: aw-watcher-window_Zahras-MacBook.local
Resuming from last ingested timestamp: 2026-03-24 15:22:54
ERROR: Could not connect to ActivityWatch at http://localhost:5600.
Make sure ActivityWatch is running before running this script.
